2022-07-16 21:28:29.904532 [info]:  =============Server init================
2022-07-16 21:28:29.904556 [info]:  Port: 10000,OpenLinger: false
2022-07-16 21:28:29.904561 [info]:  Listen Mode: ET, Conn Mode: ET
2022-07-16 21:28:29.904564 [info]:  Log level: 0
2022-07-16 21:28:29.904566 [info]:  srcDir: /home/zyue/lesson/newserver/resources/
2022-07-16 21:28:29.904568 [info]:  SqlConnPool num: 12, ThreadPool num: 6
2022-07-16 21:28:29.904571 [info]:  ================Server start================
2022-07-16 21:28:36.305545 [info]:  Client[18](192.168.30.1:63725) in, userCount: 1
2022-07-16 21:28:36.305790 [info]:  Client[18] in!
2022-07-16 21:28:36.305919 [info]:  Client[19](192.168.30.1:64237) in, userCount: 2
2022-07-16 21:28:36.305947 [info]:  Client[19] in!
2022-07-16 21:28:36.345273 [debug]: request path /index.html
2022-07-16 21:28:36.345452 [debug]: file path /home/zyue/lesson/newserver/resources//index.html
2022-07-16 21:28:36.345513 [debug]: filesize: 3148, 2 to 3270
2022-07-16 21:28:36.460241 [debug]: request path /css/bootstrap.min.css
2022-07-16 21:28:36.460505 [debug]: file path /home/zyue/lesson/newserver/resources//css/bootstrap.min.css
2022-07-16 21:28:36.460590 [debug]: filesize: 121260, 2 to 121384
2022-07-16 21:28:36.513527 [info]:  Client[20](192.168.30.1:1262) in, userCount: 3
2022-07-16 21:28:36.513876 [info]:  Client[20] in!
2022-07-16 21:28:36.513946 [info]:  Client[21](192.168.30.1:1518) in, userCount: 4
2022-07-16 21:28:36.514047 [info]:  Client[21] in!
2022-07-16 21:28:36.514944 [debug]: request path /css/animate.css
2022-07-16 21:28:36.515111 [debug]: file path /home/zyue/lesson/newserver/resources//css/animate.css
2022-07-16 21:28:36.516749 [debug]: request path /css/style.css
2022-07-16 21:28:36.516951 [debug]: file path /home/zyue/lesson/newserver/resources//css/style.css
2022-07-16 21:28:36.517004 [debug]: filesize: 72922, 2 to 73045
2022-07-16 21:28:36.517108 [debug]: request path /css/magnific-popup.css
2022-07-16 21:28:36.517220 [debug]: file path /home/zyue/lesson/newserver/resources//css/magnific-popup.css
2022-07-16 21:28:36.517240 [debug]: filesize: 6951, 2 to 7073
2022-07-16 21:28:36.517649 [debug]: filesize: 9807, 2 to 9929
2022-07-16 21:28:36.521281 [debug]: request path /css/font-awesome.min.css
2022-07-16 21:28:36.521553 [debug]: file path /home/zyue/lesson/newserver/resources//css/font-awesome.min.css
2022-07-16 21:28:36.521630 [debug]: filesize: 27392, 2 to 27515
2022-07-16 21:28:36.644855 [debug]: request path /js/bootstrap.min.js
2022-07-16 21:28:36.645136 [debug]: file path /home/zyue/lesson/newserver/resources//js/bootstrap.min.js
2022-07-16 21:28:36.645178 [debug]: filesize: 36868, 2 to 36998
2022-07-16 21:28:36.645957 [debug]: request path /js/jquery.js
2022-07-16 21:28:36.646086 [debug]: request path /js/smoothscroll.js
2022-07-16 21:28:36.646257 [debug]: file path /home/zyue/lesson/newserver/resources//js/jquery.js
2022-07-16 21:28:36.646319 [debug]: file path /home/zyue/lesson/newserver/resources//js/smoothscroll.js
2022-07-16 21:28:36.646363 [debug]: filesize: 4474, 2 to 4603
2022-07-16 21:28:36.647086 [info]:  Client[23](192.168.30.1:1774) in, userCount: 5
2022-07-16 21:28:36.647133 [debug]: request path /js/jquery.magnific-popup.min.js
2022-07-16 21:28:36.647243 [info]:  Client[23] in!
2022-07-16 21:28:36.647325 [info]:  Client[24](192.168.30.1:2030) in, userCount: 6
2022-07-16 21:28:36.647376 [info]:  Client[24] in!
2022-07-16 21:28:36.647376 [debug]: file path /home/zyue/lesson/newserver/resources//js/jquery.magnific-popup.min.js
2022-07-16 21:28:36.647376 [debug]: filesize: 85658, 2 to 85788
2022-07-16 21:28:36.648496 [debug]: request path /js/magnific-popup-options.js
2022-07-16 21:28:36.648547 [debug]: file path /home/zyue/lesson/newserver/resources//js/magnific-popup-options.js
2022-07-16 21:28:36.648565 [debug]: filesize: 1069, 2 to 1198
2022-07-16 21:28:36.649802 [debug]: request path /js/wow.min.js
2022-07-16 21:28:36.649947 [debug]: file path /home/zyue/lesson/newserver/resources//js/wow.min.js
2022-07-16 21:28:36.650032 [debug]: filesize: 7082, 2 to 7211
2022-07-16 21:28:36.651696 [debug]: filesize: 20932, 2 to 21062
2022-07-16 21:28:36.657599 [debug]: request path /js/custom.js
2022-07-16 21:28:36.657923 [debug]: file path /home/zyue/lesson/newserver/resources//js/custom.js
2022-07-16 21:28:36.658430 [debug]: filesize: 1047, 2 to 1176
2022-07-16 21:28:36.663772 [debug]: request path /images/profile-image.jpg
2022-07-16 21:28:36.663847 [debug]: file path /home/zyue/lesson/newserver/resources//images/profile-image.jpg
2022-07-16 21:28:36.664022 [debug]: filesize: 47176, 2 to 47300
2022-07-16 21:28:39.385932 [debug]: request path /picture.html
2022-07-16 21:28:39.386100 [debug]: file path /home/zyue/lesson/newserver/resources//picture.html
2022-07-16 21:28:39.386494 [debug]: filesize: 3960, 2 to 4082
2022-07-16 21:28:39.430994 [debug]: request path /css/bootstrap.min.css
2022-07-16 21:28:39.431879 [debug]: request path /css/animate.css
2022-07-16 21:28:39.431982 [debug]: file path /home/zyue/lesson/newserver/resources//css/animate.css
2022-07-16 21:28:39.432000 [debug]: filesize: 72922, 2 to 73045
2022-07-16 21:28:39.432299 [debug]: request path /css/style.css
2022-07-16 21:28:39.432499 [debug]: file path /home/zyue/lesson/newserver/resources//css/style.css
2022-07-16 21:28:39.432526 [debug]: filesize: 9807, 2 to 9929
2022-07-16 21:28:39.432526 [debug]: request path /css/magnific-popup.css
2022-07-16 21:28:39.432632 [debug]: file path /home/zyue/lesson/newserver/resources//css/magnific-popup.css
2022-07-16 21:28:39.432655 [debug]: filesize: 6951, 2 to 7073
2022-07-16 21:28:39.432655 [debug]: file path /home/zyue/lesson/newserver/resources//css/bootstrap.min.css
2022-07-16 21:28:39.434568 [debug]: filesize: 121260, 2 to 121384
2022-07-16 21:28:39.434568 [debug]: request path /css/font-awesome.min.css
2022-07-16 21:28:39.434839 [debug]: file path /home/zyue/lesson/newserver/resources//css/font-awesome.min.css
2022-07-16 21:28:39.434906 [debug]: filesize: 27392, 2 to 27515
2022-07-16 21:28:39.515935 [debug]: request path /js/jquery.js
2022-07-16 21:28:39.516209 [debug]: file path /home/zyue/lesson/newserver/resources//js/jquery.js
2022-07-16 21:28:39.516397 [debug]: filesize: 85658, 2 to 85788
2022-07-16 21:28:39.516665 [debug]: request path /js/bootstrap.min.js
2022-07-16 21:28:39.516749 [debug]: file path /home/zyue/lesson/newserver/resources//js/bootstrap.min.js
2022-07-16 21:28:39.516763 [debug]: filesize: 36868, 2 to 36998
2022-07-16 21:28:39.516893 [debug]: request path /js/smoothscroll.js
2022-07-16 21:28:39.516949 [debug]: file path /home/zyue/lesson/newserver/resources//js/smoothscroll.js
2022-07-16 21:28:39.516961 [debug]: filesize: 4474, 2 to 4603
2022-07-16 21:28:39.517132 [debug]: request path /js/jquery.magnific-popup.min.js
2022-07-16 21:28:39.517171 [debug]: file path /home/zyue/lesson/newserver/resources//js/jquery.magnific-popup.min.js
2022-07-16 21:28:39.517182 [debug]: filesize: 20932, 2 to 21062
2022-07-16 21:28:39.517521 [debug]: request path /js/magnific-popup-options.js
2022-07-16 21:28:39.517563 [debug]: file path /home/zyue/lesson/newserver/resources//js/magnific-popup-options.js
2022-07-16 21:28:39.517573 [debug]: request path /js/wow.min.js
2022-07-16 21:28:39.517573 [debug]: filesize: 1069, 2 to 1198
2022-07-16 21:28:39.517624 [debug]: file path /home/zyue/lesson/newserver/resources//js/wow.min.js
2022-07-16 21:28:39.517634 [debug]: filesize: 7082, 2 to 7211
2022-07-16 21:28:39.528803 [debug]: request path /js/custom.js
2022-07-16 21:28:39.529030 [debug]: file path /home/zyue/lesson/newserver/resources//js/custom.js
2022-07-16 21:28:39.530028 [debug]: request path /images/profile-image.jpg
2022-07-16 21:28:39.530028 [debug]: filesize: 1047, 2 to 1176
2022-07-16 21:28:39.530954 [debug]: file path /home/zyue/lesson/newserver/resources//images/profile-image.jpg
2022-07-16 21:28:39.531035 [debug]: filesize: 47176, 2 to 47300
2022-07-16 21:28:39.531124 [debug]: request path /images/instagram-image2.jpg
2022-07-16 21:28:39.531208 [debug]: file path /home/zyue/lesson/newserver/resources//images/instagram-image2.jpg
2022-07-16 21:28:39.531208 [debug]: request path /images/instagram-image3.jpg
2022-07-16 21:28:39.531523 [debug]: file path /home/zyue/lesson/newserver/resources//images/instagram-image3.jpg
2022-07-16 21:28:39.531750 [debug]: filesize: 59528, 2 to 59652
2022-07-16 21:28:39.531750 [debug]: request path /images/instagram-image1.jpg
2022-07-16 21:28:39.531909 [debug]: file path /home/zyue/lesson/newserver/resources//images/instagram-image1.jpg
2022-07-16 21:28:39.532229 [debug]: filesize: 67313, 2 to 67437
2022-07-16 21:28:39.532806 [debug]: filesize: 75836, 2 to 75960
2022-07-16 21:28:39.536849 [debug]: request path /images/instagram-image4.jpg
2022-07-16 21:28:39.537179 [debug]: file path /home/zyue/lesson/newserver/resources//images/instagram-image4.jpg
2022-07-16 21:28:39.537612 [debug]: filesize: 103418, 2 to 103543
2022-07-16 21:28:39.543796 [debug]: request path /images/instagram-image5.jpg
2022-07-16 21:28:39.544025 [debug]: file path /home/zyue/lesson/newserver/resources//images/instagram-image5.jpg
2022-07-16 21:28:39.544120 [debug]: filesize: 49545, 2 to 49669
2022-07-16 21:28:42.217436 [debug]: request path /login.html
2022-07-16 21:28:42.217570 [debug]: file path /home/zyue/lesson/newserver/resources//login.html
2022-07-16 21:28:42.217798 [debug]: filesize: 3385, 2 to 3507
2022-07-16 21:28:42.242941 [debug]: request path /css/bootstrap.min.css
2022-07-16 21:28:42.243525 [debug]: file path /home/zyue/lesson/newserver/resources//css/bootstrap.min.css
2022-07-16 21:28:42.243555 [debug]: filesize: 121260, 2 to 121384
2022-07-16 21:28:42.243716 [debug]: request path /css/magnific-popup.css
2022-07-16 21:28:42.243787 [debug]: file path /home/zyue/lesson/newserver/resources//css/magnific-popup.css
2022-07-16 21:28:42.243806 [debug]: filesize: 6951, 2 to 7073
2022-07-16 21:28:42.243994 [debug]: request path /css/font-awesome.min.css
2022-07-16 21:28:42.244079 [debug]: file path /home/zyue/lesson/newserver/resources//css/font-awesome.min.css
2022-07-16 21:28:42.244101 [debug]: filesize: 27392, 2 to 27515
2022-07-16 21:28:42.244101 [debug]: request path /css/animate.css
2022-07-16 21:28:42.244196 [debug]: file path /home/zyue/lesson/newserver/resources//css/animate.css
2022-07-16 21:28:42.244217 [debug]: filesize: 72922, 2 to 73045
2022-07-16 21:28:42.244217 [debug]: request path /css/style.css
2022-07-16 21:28:42.245171 [debug]: file path /home/zyue/lesson/newserver/resources//css/style.css
2022-07-16 21:28:42.245290 [debug]: filesize: 9807, 2 to 9929
2022-07-16 21:28:42.262501 [debug]: request path /js/bootstrap.min.js
2022-07-16 21:28:42.266058 [debug]: file path /home/zyue/lesson/newserver/resources//js/bootstrap.min.js
2022-07-16 21:28:42.266344 [debug]: filesize: 36868, 2 to 36998
2022-07-16 21:28:42.266344 [debug]: request path /js/smoothscroll.js
2022-07-16 21:28:42.268094 [debug]: file path /home/zyue/lesson/newserver/resources//js/smoothscroll.js
2022-07-16 21:28:42.268230 [debug]: filesize: 4474, 2 to 4603
2022-07-16 21:28:42.268706 [debug]: request path /js/jquery.magnific-popup.min.js
2022-07-16 21:28:42.268776 [debug]: file path /home/zyue/lesson/newserver/resources//js/jquery.magnific-popup.min.js
2022-07-16 21:28:42.268791 [debug]: filesize: 20932, 2 to 21062
2022-07-16 21:28:42.268791 [debug]: request path /js/jquery.js
2022-07-16 21:28:42.269289 [debug]: file path /home/zyue/lesson/newserver/resources//js/jquery.js
2022-07-16 21:28:42.269760 [debug]: request path /js/magnific-popup-options.js
2022-07-16 21:28:42.269893 [debug]: file path /home/zyue/lesson/newserver/resources//js/magnific-popup-options.js
2022-07-16 21:28:42.269966 [debug]: filesize: 1069, 2 to 1198
2022-07-16 21:28:42.270075 [debug]: request path /js/wow.min.js
2022-07-16 21:28:42.270075 [debug]: filesize: 85658, 2 to 85788
2022-07-16 21:28:42.270478 [debug]: file path /home/zyue/lesson/newserver/resources//js/wow.min.js
2022-07-16 21:28:42.270500 [debug]: filesize: 7082, 2 to 7211
2022-07-16 21:28:42.274456 [debug]: request path /js/custom.js
2022-07-16 21:28:42.274663 [debug]: file path /home/zyue/lesson/newserver/resources//js/custom.js
2022-07-16 21:28:42.274723 [debug]: filesize: 1047, 2 to 1176
2022-07-16 21:28:44.603579 [info]:  Client[21] quit!
2022-07-16 21:28:44.603975 [info]:  Client[21](192.168.30.1:1518) quit, userCount: 5
2022-07-16 21:28:44.604009 [info]:  Client[24] quit!
2022-07-16 21:28:44.604242 [info]:  Client[24](192.168.30.1:2030) quit, userCount: 4
2022-07-16 21:28:44.604264 [info]:  Client[20] quit!
2022-07-16 21:28:44.604430 [info]:  Client[20](192.168.30.1:1262) quit, userCount: 3
2022-07-16 21:28:44.604451 [info]:  Client[19] quit!
2022-07-16 21:28:44.604695 [info]:  Client[19](192.168.30.1:64237) quit, userCount: 2
2022-07-16 21:28:44.604723 [info]:  Client[18] quit!
2022-07-16 21:28:44.604929 [info]:  Client[18](192.168.30.1:63725) quit, userCount: 1
2022-07-16 21:28:44.604960 [info]:  Client[23] quit!
2022-07-16 21:28:44.605214 [info]:  Client[23](192.168.30.1:1774) quit, userCount: 0
2022-07-16 21:28:47.579693 [info]:  Client[18](192.168.30.1:4846) in, userCount: 1
2022-07-16 21:28:47.579796 [info]:  Client[18] in!
2022-07-16 21:28:47.579812 [info]:  Client[19](192.168.30.1:5870) in, userCount: 2
2022-07-16 21:28:47.579820 [info]:  Client[19] in!
2022-07-16 21:28:47.582985 [debug]: username = 123
2022-07-16 21:28:47.583111 [debug]: Tag:1
2022-07-16 21:28:47.583142 [info]:  Verify name:123 pwd:123
2022-07-16 21:28:47.583149 [debug]: SELECT username, password FROM user WHERE username='123' LIMIT 1
2022-07-16 21:28:47.654511 [debug]: MYSQL ROW: 123 123
2022-07-16 21:28:47.654608 [debug]: UserVerify success!!
2022-07-16 21:28:47.654658 [debug]: Body: username=123&password=123, len: 25
2022-07-16 21:28:47.654665 [debug]: request path /welcome.html
2022-07-16 21:28:47.654683 [debug]: file path /home/zyue/lesson/newserver/resources//welcome.html
2022-07-16 21:28:47.654817 [debug]: filesize: 3161, 2 to 3283
2022-07-16 21:28:47.671635 [info]:  Client[20](192.168.30.1:6894) in, userCount: 3
2022-07-16 21:28:47.671799 [info]:  Client[20] in!
2022-07-16 21:28:47.671987 [info]:  Client[21](192.168.30.1:7150) in, userCount: 4
2022-07-16 21:28:47.672064 [info]:  Client[21] in!
2022-07-16 21:28:47.672201 [info]:  Client[22](192.168.30.1:7406) in, userCount: 5
2022-07-16 21:28:47.672241 [info]:  Client[22] in!
2022-07-16 21:28:47.673023 [debug]: request path /css/bootstrap.min.css
2022-07-16 21:28:47.673341 [debug]: file path /home/zyue/lesson/newserver/resources//css/bootstrap.min.css
2022-07-16 21:28:47.674221 [debug]: filesize: 121260, 2 to 121384
2022-07-16 21:28:47.674732 [debug]: request path /css/font-awesome.min.css
2022-07-16 21:28:47.674907 [debug]: file path /home/zyue/lesson/newserver/resources//css/font-awesome.min.css
2022-07-16 21:28:47.674946 [debug]: filesize: 27392, 2 to 27515
2022-07-16 21:28:47.675208 [debug]: request path /css/style.css
2022-07-16 21:28:47.675255 [debug]: file path /home/zyue/lesson/newserver/resources//css/style.css
2022-07-16 21:28:47.675274 [debug]: filesize: 9807, 2 to 9929
2022-07-16 21:28:47.675274 [debug]: request path /css/animate.css
2022-07-16 21:28:47.675541 [debug]: file path /home/zyue/lesson/newserver/resources//css/animate.css
2022-07-16 21:28:47.675569 [debug]: filesize: 72922, 2 to 73045
2022-07-16 21:28:47.675569 [debug]: request path /css/magnific-popup.css
2022-07-16 21:28:47.675972 [debug]: file path /home/zyue/lesson/newserver/resources//css/magnific-popup.css
2022-07-16 21:28:47.676124 [debug]: filesize: 6951, 2 to 7073
2022-07-16 21:28:47.751330 [debug]: request path /js/jquery.js
2022-07-16 21:28:47.751539 [debug]: file path /home/zyue/lesson/newserver/resources//js/jquery.js
2022-07-16 21:28:47.751572 [debug]: filesize: 85658, 2 to 85788
2022-07-16 21:28:47.752500 [debug]: request path /js/smoothscroll.js
2022-07-16 21:28:47.752590 [debug]: file path /home/zyue/lesson/newserver/resources//js/smoothscroll.js
2022-07-16 21:28:47.752613 [debug]: filesize: 4474, 2 to 4603
2022-07-16 21:28:47.752649 [debug]: request path /js/bootstrap.min.js
2022-07-16 21:28:47.752803 [debug]: file path /home/zyue/lesson/newserver/resources//js/bootstrap.min.js
2022-07-16 21:28:47.752856 [debug]: filesize: 36868, 2 to 36998
2022-07-16 21:28:47.753281 [debug]: request path /js/magnific-popup-options.js
2022-07-16 21:28:47.753405 [debug]: file path /home/zyue/lesson/newserver/resources//js/magnific-popup-options.js
2022-07-16 21:28:47.753431 [debug]: filesize: 1069, 2 to 1198
2022-07-16 21:28:47.754627 [debug]: request path /js/jquery.magnific-popup.min.js
2022-07-16 21:28:47.756408 [debug]: file path /home/zyue/lesson/newserver/resources//js/jquery.magnific-popup.min.js
2022-07-16 21:28:47.756766 [debug]: filesize: 20932, 2 to 21062
2022-07-16 21:28:47.767255 [debug]: request path /js/wow.min.js
2022-07-16 21:28:47.767508 [debug]: file path /home/zyue/lesson/newserver/resources//js/wow.min.js
2022-07-16 21:28:47.767594 [debug]: filesize: 7082, 2 to 7211
2022-07-16 21:28:47.767970 [debug]: request path /js/custom.js
2022-07-16 21:28:47.768233 [debug]: file path /home/zyue/lesson/newserver/resources//js/custom.js
2022-07-16 21:28:47.768890 [debug]: request path /images/profile-image.jpg
2022-07-16 21:28:47.768890 [debug]: filesize: 1047, 2 to 1176
2022-07-16 21:28:47.769356 [debug]: file path /home/zyue/lesson/newserver/resources//images/profile-image.jpg
2022-07-16 21:28:47.769782 [debug]: filesize: 47176, 2 to 47300
2022-07-16 21:28:51.167593 [debug]: request path /register.html
2022-07-16 21:28:51.167815 [debug]: file path /home/zyue/lesson/newserver/resources//register.html
2022-07-16 21:28:51.168826 [debug]: filesize: 3380, 2 to 3502
2022-07-16 21:28:51.202896 [debug]: request path /css/animate.css
2022-07-16 21:28:51.203116 [debug]: file path /home/zyue/lesson/newserver/resources//css/animate.css
2022-07-16 21:28:51.203194 [debug]: request path /css/magnific-popup.css
2022-07-16 21:28:51.203194 [debug]: filesize: 72922, 2 to 73045
2022-07-16 21:28:51.204632 [debug]: request path /css/font-awesome.min.css
2022-07-16 21:28:51.205165 [debug]: file path /home/zyue/lesson/newserver/resources//css/font-awesome.min.css
2022-07-16 21:28:51.205264 [debug]: filesize: 27392, 2 to 27515
2022-07-16 21:28:51.205968 [debug]: request path /css/style.css
2022-07-16 21:28:51.206167 [debug]: file path /home/zyue/lesson/newserver/resources//css/style.css
2022-07-16 21:28:51.207049 [debug]: request path /css/bootstrap.min.css
2022-07-16 21:28:51.207049 [debug]: file path /home/zyue/lesson/newserver/resources//css/magnific-popup.css
2022-07-16 21:28:51.207621 [debug]: filesize: 9807, 2 to 9929
2022-07-16 21:28:51.207796 [debug]: filesize: 6951, 2 to 7073
2022-07-16 21:28:51.208196 [debug]: file path /home/zyue/lesson/newserver/resources//css/bootstrap.min.css
2022-07-16 21:28:51.208510 [debug]: filesize: 121260, 2 to 121384
2022-07-16 21:28:51.219376 [debug]: request path /js/jquery.js
2022-07-16 21:28:51.219909 [debug]: file path /home/zyue/lesson/newserver/resources//js/jquery.js
2022-07-16 21:28:51.220012 [debug]: filesize: 85658, 2 to 85788
2022-07-16 21:28:51.222693 [debug]: request path /js/bootstrap.min.js
2022-07-16 21:28:51.223890 [info]:  Client[23](192.168.30.1:10478) in, userCount: 6
2022-07-16 21:28:51.224016 [debug]: file path /home/zyue/lesson/newserver/resources//js/bootstrap.min.js
2022-07-16 21:28:51.224051 [info]:  Client[23] in!
2022-07-16 21:28:51.224061 [debug]: filesize: 36868, 2 to 36998
2022-07-16 21:28:51.224061 [debug]: request path /js/jquery.magnific-popup.min.js
2022-07-16 21:28:51.224124 [debug]: file path /home/zyue/lesson/newserver/resources//js/jquery.magnific-popup.min.js
2022-07-16 21:28:51.224159 [debug]: filesize: 20932, 2 to 21062
2022-07-16 21:28:51.224645 [debug]: request path /js/smoothscroll.js
2022-07-16 21:28:51.224746 [debug]: file path /home/zyue/lesson/newserver/resources//js/smoothscroll.js
2022-07-16 21:28:51.224791 [debug]: filesize: 4474, 2 to 4603
2022-07-16 21:28:51.225897 [debug]: request path /js/wow.min.js
2022-07-16 21:28:51.227234 [debug]: file path /home/zyue/lesson/newserver/resources//js/wow.min.js
2022-07-16 21:28:51.227253 [debug]: filesize: 7082, 2 to 7211
2022-07-16 21:28:51.227253 [debug]: request path /js/magnific-popup-options.js
2022-07-16 21:28:51.227381 [debug]: file path /home/zyue/lesson/newserver/resources//js/magnific-popup-options.js
2022-07-16 21:28:51.227620 [debug]: filesize: 1069, 2 to 1198
2022-07-16 21:28:51.229493 [debug]: request path /js/custom.js
2022-07-16 21:28:51.229713 [debug]: file path /home/zyue/lesson/newserver/resources//js/custom.js
2022-07-16 21:28:51.229785 [debug]: filesize: 1047, 2 to 1176
2022-07-16 21:28:54.604974 [info]:  Client[22] quit!
2022-07-16 21:28:54.605294 [info]:  Client[22](192.168.30.1:7406) quit, userCount: 5
2022-07-16 21:28:54.605319 [info]:  Client[23] quit!
2022-07-16 21:28:54.605466 [info]:  Client[23](192.168.30.1:10478) quit, userCount: 4
2022-07-16 21:28:54.605553 [info]:  Client[21] quit!
2022-07-16 21:28:54.605706 [info]:  Client[21](192.168.30.1:7150) quit, userCount: 3
2022-07-16 21:28:54.605716 [info]:  Client[20] quit!
2022-07-16 21:28:54.605839 [info]:  Client[20](192.168.30.1:6894) quit, userCount: 2
2022-07-16 21:28:54.605849 [info]:  Client[18] quit!
2022-07-16 21:28:54.605941 [info]:  Client[18](192.168.30.1:4846) quit, userCount: 1
2022-07-16 21:28:54.605950 [info]:  Client[19] quit!
2022-07-16 21:28:54.606050 [info]:  Client[19](192.168.30.1:5870) quit, userCount: 0
2022-07-16 21:28:56.876278 [info]:  Client[18](192.168.30.1:11758) in, userCount: 1
2022-07-16 21:28:56.876356 [info]:  Client[18] in!
2022-07-16 21:28:56.876368 [info]:  Client[19](192.168.30.1:12526) in, userCount: 2
2022-07-16 21:28:56.876375 [info]:  Client[19] in!
2022-07-16 21:28:56.879683 [debug]: username = 123
2022-07-16 21:28:56.879771 [debug]: Tag:0
2022-07-16 21:28:56.879793 [info]:  Verify name:123 pwd:123
2022-07-16 21:28:56.879815 [debug]: SELECT username, password FROM user WHERE username='123' LIMIT 1
2022-07-16 21:28:56.892000 [debug]: MYSQL ROW: 123 123
2022-07-16 21:28:56.892065 [debug]: user used!
2022-07-16 21:28:56.892087 [debug]: UserVerify success!!
2022-07-16 21:28:56.892104 [debug]: Body: username=123&password=123, len: 25
2022-07-16 21:28:56.892121 [debug]: request path /error.html
2022-07-16 21:28:56.892158 [debug]: file path /home/zyue/lesson/newserver/resources//error.html
2022-07-16 21:28:56.892374 [debug]: filesize: 3265, 2 to 3387
2022-07-16 21:28:56.912667 [debug]: request path /css/animate.css
2022-07-16 21:28:56.912767 [debug]: file path /home/zyue/lesson/newserver/resources//css/animate.css
2022-07-16 21:28:56.913152 [debug]: request path /css/bootstrap.min.css
2022-07-16 21:28:56.913282 [debug]: file path /home/zyue/lesson/newserver/resources//css/bootstrap.min.css
2022-07-16 21:28:56.913426 [info]:  Client[21](192.168.30.1:12782) in, userCount: 3
2022-07-16 21:28:56.913449 [info]:  Client[21] in!
2022-07-16 21:28:56.913467 [info]:  Client[22](192.168.30.1:13038) in, userCount: 4
2022-07-16 21:28:56.913476 [info]:  Client[22] in!
2022-07-16 21:28:56.913501 [info]:  Client[23](192.168.30.1:13294) in, userCount: 5
2022-07-16 21:28:56.913511 [info]:  Client[23] in!
2022-07-16 21:28:56.913543 [debug]: filesize: 121260, 2 to 121384
2022-07-16 21:28:56.913543 [debug]: filesize: 72922, 2 to 73045
2022-07-16 21:28:56.914083 [debug]: request path /css/magnific-popup.css
2022-07-16 21:28:56.914117 [debug]: request path /css/font-awesome.min.css
2022-07-16 21:28:56.914249 [debug]: file path /home/zyue/lesson/newserver/resources//css/magnific-popup.css
2022-07-16 21:28:56.914249 [debug]: file path /home/zyue/lesson/newserver/resources//css/font-awesome.min.css
2022-07-16 21:28:56.925380 [debug]: filesize: 27392, 2 to 27515
2022-07-16 21:28:56.925380 [debug]: filesize: 6951, 2 to 7073
2022-07-16 21:28:56.931134 [debug]: request path /css/style.css
2022-07-16 21:28:56.931448 [debug]: file path /home/zyue/lesson/newserver/resources//css/style.css
2022-07-16 21:28:56.931595 [debug]: filesize: 9807, 2 to 9929
2022-07-16 21:28:56.982021 [debug]: request path /js/jquery.js
2022-07-16 21:28:56.982214 [info]:  Client[20](192.168.30.1:13550) in, userCount: 6
2022-07-16 21:28:56.982289 [info]:  Client[20] in!
2022-07-16 21:28:56.983226 [debug]: request path /js/bootstrap.min.js
2022-07-16 21:28:56.983495 [debug]: file path /home/zyue/lesson/newserver/resources//js/jquery.js
2022-07-16 21:28:56.983636 [debug]: filesize: 85658, 2 to 85788
2022-07-16 21:28:56.984803 [debug]: request path /js/smoothscroll.js
2022-07-16 21:28:56.985387 [debug]: file path /home/zyue/lesson/newserver/resources//js/smoothscroll.js
2022-07-16 21:28:56.985464 [debug]: filesize: 4474, 2 to 4603
2022-07-16 21:28:56.986056 [debug]: request path /js/wow.min.js
2022-07-16 21:28:56.986168 [debug]: file path /home/zyue/lesson/newserver/resources//js/wow.min.js
2022-07-16 21:28:56.986258 [debug]: filesize: 7082, 2 to 7211
2022-07-16 21:28:56.986258 [debug]: file path /home/zyue/lesson/newserver/resources//js/bootstrap.min.js
2022-07-16 21:28:56.987167 [debug]: filesize: 36868, 2 to 36998
2022-07-16 21:28:56.987167 [debug]: request path /js/jquery.magnific-popup.min.js
2022-07-16 21:28:56.987510 [debug]: file path /home/zyue/lesson/newserver/resources//js/jquery.magnific-popup.min.js
2022-07-16 21:28:56.987689 [debug]: filesize: 20932, 2 to 21062
2022-07-16 21:28:56.996800 [debug]: request path /js/magnific-popup-options.js
2022-07-16 21:28:56.997024 [debug]: file path /home/zyue/lesson/newserver/resources//js/magnific-popup-options.js
2022-07-16 21:28:56.997109 [debug]: filesize: 1069, 2 to 1198
2022-07-16 21:28:56.998354 [debug]: request path /images/profile-image.jpg
2022-07-16 21:28:56.998539 [debug]: file path /home/zyue/lesson/newserver/resources//images/profile-image.jpg
2022-07-16 21:28:56.998630 [debug]: filesize: 47176, 2 to 47300
2022-07-16 21:28:56.998876 [debug]: request path /js/custom.js
2022-07-16 21:28:56.999006 [debug]: file path /home/zyue/lesson/newserver/resources//js/custom.js
2022-07-16 21:28:56.999100 [debug]: filesize: 1047, 2 to 1176
2022-07-16 21:28:59.399757 [debug]: request path /register.html
2022-07-16 21:28:59.399965 [debug]: file path /home/zyue/lesson/newserver/resources//register.html
2022-07-16 21:28:59.400031 [debug]: filesize: 3380, 2 to 3502
2022-07-16 21:28:59.424142 [debug]: request path /css/bootstrap.min.css
2022-07-16 21:28:59.425476 [debug]: request path /css/style.css
2022-07-16 21:28:59.425628 [debug]: file path /home/zyue/lesson/newserver/resources//css/bootstrap.min.css
2022-07-16 21:28:59.425628 [debug]: request path /css/magnific-popup.css
2022-07-16 21:28:59.425628 [debug]: request path /css/font-awesome.min.css
2022-07-16 21:28:59.425862 [debug]: file path /home/zyue/lesson/newserver/resources//css/style.css
2022-07-16 21:28:59.425953 [debug]: file path /home/zyue/lesson/newserver/resources//css/font-awesome.min.css
2022-07-16 21:28:59.425995 [debug]: filesize: 9807, 2 to 9929
2022-07-16 21:28:59.425995 [debug]: filesize: 121260, 2 to 121384
2022-07-16 21:28:59.425995 [debug]: file path /home/zyue/lesson/newserver/resources//css/magnific-popup.css
2022-07-16 21:28:59.426108 [debug]: filesize: 6951, 2 to 7073
2022-07-16 21:28:59.426437 [debug]: filesize: 27392, 2 to 27515
2022-07-16 21:28:59.434622 [debug]: request path /css/animate.css
2022-07-16 21:28:59.435935 [debug]: file path /home/zyue/lesson/newserver/resources//css/animate.css
2022-07-16 21:28:59.436343 [debug]: filesize: 72922, 2 to 73045
2022-07-16 21:28:59.441229 [debug]: request path /js/jquery.js
2022-07-16 21:28:59.441351 [debug]: file path /home/zyue/lesson/newserver/resources//js/jquery.js
2022-07-16 21:28:59.441392 [debug]: filesize: 85658, 2 to 85788
2022-07-16 21:28:59.442233 [debug]: request path /js/bootstrap.min.js
2022-07-16 21:28:59.442322 [debug]: file path /home/zyue/lesson/newserver/resources//js/bootstrap.min.js
2022-07-16 21:28:59.442344 [debug]: filesize: 36868, 2 to 36998
2022-07-16 21:28:59.442366 [debug]: request path /js/smoothscroll.js
2022-07-16 21:28:59.442415 [debug]: file path /home/zyue/lesson/newserver/resources//js/smoothscroll.js
2022-07-16 21:28:59.443502 [debug]: request path /js/jquery.magnific-popup.min.js
2022-07-16 21:28:59.443688 [debug]: filesize: 4474, 2 to 4603
2022-07-16 21:28:59.443946 [debug]: request path /js/magnific-popup-options.js
2022-07-16 21:28:59.444043 [debug]: file path /home/zyue/lesson/newserver/resources//js/magnific-popup-options.js
2022-07-16 21:28:59.444131 [debug]: file path /home/zyue/lesson/newserver/resources//js/jquery.magnific-popup.min.js
2022-07-16 21:28:59.444131 [debug]: filesize: 1069, 2 to 1198
2022-07-16 21:28:59.445353 [debug]: filesize: 20932, 2 to 21062
2022-07-16 21:28:59.452831 [debug]: request path /js/wow.min.js
2022-07-16 21:28:59.453046 [debug]: file path /home/zyue/lesson/newserver/resources//js/wow.min.js
2022-07-16 21:28:59.453082 [debug]: filesize: 7082, 2 to 7211
2022-07-16 21:28:59.453645 [debug]: request path /js/custom.js
2022-07-16 21:28:59.453992 [debug]: file path /home/zyue/lesson/newserver/resources//js/custom.js
2022-07-16 21:28:59.454051 [debug]: filesize: 1047, 2 to 1176
2022-07-16 21:29:04.653069 [debug]: username = 123
2022-07-16 21:29:04.653170 [debug]: Tag:0
2022-07-16 21:29:04.653193 [info]:  Verify name:123 pwd:123
2022-07-16 21:29:04.653211 [debug]: SELECT username, password FROM user WHERE username='123' LIMIT 1
2022-07-16 21:29:04.656705 [info]:  Client[22] quit!
2022-07-16 21:29:04.657085 [info]:  Client[22](192.168.30.1:13038) quit, userCount: 5
2022-07-16 21:29:04.657133 [info]:  Client[18] quit!
2022-07-16 21:29:04.657302 [info]:  Client[18](192.168.30.1:11758) quit, userCount: 4
2022-07-16 21:29:04.657313 [info]:  Client[20] quit!
2022-07-16 21:29:04.657394 [info]:  Client[20](192.168.30.1:13550) quit, userCount: 3
2022-07-16 21:29:04.657405 [info]:  Client[23] quit!
2022-07-16 21:29:04.657537 [info]:  Client[23](192.168.30.1:13294) quit, userCount: 2
2022-07-16 21:29:04.657549 [info]:  Client[21] quit!
2022-07-16 21:29:04.657649 [info]:  Client[21](192.168.30.1:12782) quit, userCount: 1
2022-07-16 21:29:04.663873 [debug]: MYSQL ROW: 123 123
2022-07-16 21:29:04.663939 [debug]: user used!
2022-07-16 21:29:04.663960 [debug]: UserVerify success!!
2022-07-16 21:29:04.663977 [debug]: Body: username=123&password=123, len: 25
2022-07-16 21:29:04.663995 [debug]: request path /error.html
2022-07-16 21:29:04.664055 [debug]: file path /home/zyue/lesson/newserver/resources//error.html
2022-07-16 21:29:04.664089 [debug]: filesize: 3265, 2 to 3387
2022-07-16 21:29:04.684636 [info]:  Client[18](192.168.30.1:20219) in, userCount: 2
2022-07-16 21:29:04.684762 [info]:  Client[18] in!
2022-07-16 21:29:04.685929 [debug]: request path /css/bootstrap.min.css
2022-07-16 21:29:04.686234 [info]:  Client[20](192.168.30.1:20475) in, userCount: 3
2022-07-16 21:29:04.686743 [debug]: file path /home/zyue/lesson/newserver/resources//css/bootstrap.min.css
2022-07-16 21:29:04.686743 [info]:  Client[20] in!
2022-07-16 21:29:04.686978 [debug]: filesize: 121260, 2 to 121384
2022-07-16 21:29:04.686978 [info]:  Client[21](192.168.30.1:20731) in, userCount: 4
2022-07-16 21:29:04.687124 [info]:  Client[21] in!
2022-07-16 21:29:04.687255 [info]:  Client[22](192.168.30.1:20987) in, userCount: 5
2022-07-16 21:29:04.687896 [debug]: request path /css/animate.css
2022-07-16 21:29:04.688202 [debug]: file path /home/zyue/lesson/newserver/resources//css/animate.css
2022-07-16 21:29:04.688420 [info]:  Client[22] in!
2022-07-16 21:29:04.688420 [debug]: filesize: 72922, 2 to 73045
2022-07-16 21:29:04.690042 [debug]: request path /css/font-awesome.min.css
2022-07-16 21:29:04.692183 [debug]: file path /home/zyue/lesson/newserver/resources//css/font-awesome.min.css
2022-07-16 21:29:04.692230 [debug]: filesize: 27392, 2 to 27515
2022-07-16 21:29:04.692230 [debug]: request path /css/style.css
2022-07-16 21:29:04.692462 [debug]: file path /home/zyue/lesson/newserver/resources//css/style.css
2022-07-16 21:29:04.692558 [debug]: filesize: 9807, 2 to 9929
2022-07-16 21:29:04.693020 [debug]: request path /css/magnific-popup.css
2022-07-16 21:29:04.693154 [debug]: file path /home/zyue/lesson/newserver/resources//css/magnific-popup.css
2022-07-16 21:29:04.693250 [debug]: filesize: 6951, 2 to 7073
2022-07-16 21:29:04.765942 [debug]: request path /js/jquery.js
2022-07-16 21:29:04.767250 [info]:  Client[23](192.168.30.1:21243) in, userCount: 6
2022-07-16 21:29:04.767424 [info]:  Client[23] in!
2022-07-16 21:29:04.767510 [debug]: request path /js/bootstrap.min.js
2022-07-16 21:29:04.767656 [debug]: file path /home/zyue/lesson/newserver/resources//js/bootstrap.min.js
2022-07-16 21:29:04.768412 [debug]: request path /js/magnific-popup-options.js
2022-07-16 21:29:04.768577 [debug]: file path /home/zyue/lesson/newserver/resources//js/magnific-popup-options.js
2022-07-16 21:29:04.768610 [debug]: filesize: 1069, 2 to 1198
2022-07-16 21:29:04.768610 [debug]: request path /js/smoothscroll.js
2022-07-16 21:29:04.768610 [debug]: filesize: 36868, 2 to 36998
2022-07-16 21:29:04.768808 [debug]: file path /home/zyue/lesson/newserver/resources//js/smoothscroll.js
2022-07-16 21:29:04.768834 [debug]: filesize: 4474, 2 to 4603
2022-07-16 21:29:04.768834 [debug]: file path /home/zyue/lesson/newserver/resources//js/jquery.js
2022-07-16 21:29:04.769112 [debug]: filesize: 85658, 2 to 85788
2022-07-16 21:29:04.769112 [debug]: request path /js/jquery.magnific-popup.min.js
2022-07-16 21:29:04.773028 [debug]: file path /home/zyue/lesson/newserver/resources//js/jquery.magnific-popup.min.js
2022-07-16 21:29:04.773176 [debug]: filesize: 20932, 2 to 21062
2022-07-16 21:29:04.775007 [debug]: request path /js/wow.min.js
2022-07-16 21:29:04.775187 [debug]: file path /home/zyue/lesson/newserver/resources//js/wow.min.js
2022-07-16 21:29:04.775300 [debug]: filesize: 7082, 2 to 7211
2022-07-16 21:29:04.781728 [debug]: request path /js/custom.js
2022-07-16 21:29:04.782151 [debug]: file path /home/zyue/lesson/newserver/resources//js/custom.js
2022-07-16 21:29:04.782356 [debug]: filesize: 1047, 2 to 1176
